Selecting Windows SDK version 10.0.17763.0 to target Windows 10.0.18362.
Detected processor: AMD64
libjpeg-turbo: VERSION = 2.0.2, BUILD = opencv-4.2.0-dev-libjpeg-turbo
Could NOT find Jasper (missing: JASPER_LIBRARIES JASPER_INCLUDE_DIR) 
found Intel IPP (ICV version): 2019.0.0 [2019.0.0 Gold]
at: R:/src/libs/opencv/build/3rdparty/ippicv/ippicv_win/icv
found Intel IPP Integration Wrappers sources: 2019.0.0
at: R:/src/libs/opencv/build/3rdparty/ippicv/ippicv_win/iw
Could not find OpenBLAS include. Turning OpenBLAS_FOUND off
Could not find OpenBLAS lib. Turning OpenBLAS_FOUND off
Could NOT find BLAS (missing: BLAS_LIBRARIES) 
LAPACK requires BLAS
A library with LAPACK API not found. Please specify library location.
VTK is not found. Please set -DVTK_DIR in CMake to VTK build directory, or to VTK install subdirectory with VTKConfig.cmake file
OpenCV Python: during development append to PYTHONPATH: R:/src/libs/opencv/build/python_loader
Excluding from source files list (optimization is disabled): modules/imgproc/src/corner.avx.cpp
Excluding from source files list (optimization is disabled): modules/imgproc/src/imgwarp.avx2.cpp
Excluding from source files list (optimization is disabled): modules/imgproc/src/imgwarp.sse4_1.cpp
Excluding from source files list (optimization is disabled): modules/imgproc/src/resize.avx2.cpp
Excluding from source files list (optimization is disabled): modules/imgproc/src/resize.sse4_1.cpp
Excluding from source files list (optimization is disabled): modules/imgproc/src/sumpixels.avx512_skx.cpp
Registering hook 'INIT_MODULE_SOURCES_opencv_dnn': R:/src/libs/opencv/modules/dnn/cmake/hooks/INIT_MODULE_SOURCES_opencv_dnn.cmake
opencv_dnn: filter out cuda4dnn source code
Excluding from source files list (optimization is disabled): modules/features2d/src/fast.avx2.cpp

General configuration for OpenCV 4.2.0-dev =====================================
  Version control:               4.2.0-81-g282fcb90dc

  Platform:
    Timestamp:                   2020-01-18T12:05:00Z
    Host:                        Windows 10.0.18362 AMD64
    CMake:                       3.16.2
    CMake generator:             Visual Studio 16 2019
    CMake build tool:            R:/vs2019/MSBuild/Current/Bin/MSBuild.exe
    MSVC:                        1924

  CPU/HW features:
    Baseline:                    SSE SSE2 SSE3 SSSE3
      requested:                 SSSE3

  C/C++:
    Built as dynamic libs?:      YES
    C++ Compiler:                R:/vs2019/VC/Tools/MSVC/14.24.28314/bin/Hostx64/x64/cl.exe  (ver 19.24.28315.0)
    C++ flags (Release):         /DWIN32 /D_WINDOWS /W4 /GR  /D _CRT_SECURE_NO_DEPRECATE /D _CRT_NONSTDC_NO_DEPRECATE /D _SCL_SECURE_NO_WARNINGS /Gy /bigobj /Oi  /fp:precise      /EHa /wd4127 /wd4251 /wd4324 /wd4275 /wd4512 /wd4589 /MP8   /MD /O2 /Ob2 /DNDEBUG  /Zi
    C++ flags (Debug):           /DWIN32 /D_WINDOWS /W4 /GR  /D _CRT_SECURE_NO_DEPRECATE /D _CRT_NONSTDC_NO_DEPRECATE /D _SCL_SECURE_NO_WARNINGS /Gy /bigobj /Oi  /fp:precise      /EHa /wd4127 /wd4251 /wd4324 /wd4275 /wd4512 /wd4589 /MP8   /MDd /Zi /Ob0 /Od /RTC1 
    C Compiler:                  R:/vs2019/VC/Tools/MSVC/14.24.28314/bin/Hostx64/x64/cl.exe
    C flags (Release):           /DWIN32 /D_WINDOWS /W3  /D _CRT_SECURE_NO_DEPRECATE /D _CRT_NONSTDC_NO_DEPRECATE /D _SCL_SECURE_NO_WARNINGS /Gy /bigobj /Oi  /fp:precise        /MP8    /MD /O2 /Ob2 /DNDEBUG  /Zi
    C flags (Debug):             /DWIN32 /D_WINDOWS /W3  /D _CRT_SECURE_NO_DEPRECATE /D _CRT_NONSTDC_NO_DEPRECATE /D _SCL_SECURE_NO_WARNINGS /Gy /bigobj /Oi  /fp:precise        /MP8  /MDd /Zi /Ob0 /Od /RTC1 
    Linker flags (Release):      /machine:x64  /INCREMENTAL:NO  /debug
    Linker flags (Debug):        /machine:x64  /debug /INCREMENTAL 
    ccache:                      NO
    Precompiled headers:         YES
    Extra dependencies:
    3rdparty dependencies:

  OpenCV modules:
    To be built:                 calib3d core dnn features2d flann highgui imgcodecs imgproc ml objdetect photo stitching ts video videoio
    Disabled:                    java_bindings_generator world
    Disabled by dependency:      -
    Unavailable:                 gapi java js python2 python3
    Applications:                apps
    Documentation:               NO
    Non-free algorithms:         NO

  Windows RT support:            NO

  GUI: 
    Win32 UI:                    YES
    VTK support:                 NO

  Media I/O: 
    ZLib:                        build (ver 1.2.11)
    JPEG:                        build-libjpeg-turbo (ver 2.0.2-62)
    WEBP:                        build (ver encoder: 0x020e)
    PNG:                         build (ver 1.6.37)
    TIFF:                        build (ver 42 - 4.0.10)
    JPEG 2000:                   build (ver 1.900.1)
    OpenEXR:                     build (ver 2.3.0)
    HDR:                         YES
    SUNRASTER:                   YES
    PXM:                         YES
    PFM:                         YES

  Video I/O:
    FFMPEG:                      YES (prebuilt binaries)
      avcodec:                   YES (58.54.100)
      avformat:                  YES (58.29.100)
      avutil:                    YES (56.31.100)
      swscale:                   YES (5.5.100)
      avresample:                YES (4.0.0)
    GStreamer:                   NO
    DirectShow:                  YES
    Media Foundation:            YES
      DXVA:                      YES

  Parallel framework:            Concurrency

  Trace:                         YES (with Intel ITT)

  Other third-party libraries:
    Intel IPP:                   2019.0.0 Gold [2019.0.0]
           at:                   R:/src/libs/opencv/build/3rdparty/ippicv/ippicv_win/icv
    Intel IPP IW:                sources (2019.0.0)
              at:                R:/src/libs/opencv/build/3rdparty/ippicv/ippicv_win/iw
    Lapack:                      NO
    Eigen:                       NO
    Custom HAL:                  NO
    Protobuf:                    build (3.5.1)

  OpenCL:                        YES (no extra features)
    Include path:                R:/src/libs/opencv/3rdparty/include/opencl/1.2
    Link libraries:              Dynamic load

  Python (for build):            R:/apps/python3/python.exe

  Install to:                    R:/src/libs/opencv/build/install
-----------------------------------------------------------------

Configuring done
