-- Selecting Windows SDK version 10.0.17763.0 to target Windows 10.0.18362.
-- Detected processor: AMD64
-- libjpeg-turbo: VERSION = 2.0.2, BUILD = opencv-4.2.0-dev-libjpeg-turbo
-- OpenCV Python: during development append to PYTHONPATH: R:/src/libs/opencv/build/python_loader
-- Pylint: registered 165 targets. Build 'check_pylint' target to run checks ("cmake --build . --target check_pylint" or "make check_pylint")
-- 
-- General configuration for OpenCV 4.2.0-dev =====================================
--   Version control:               4.2.0-81-g282fcb90dc
-- 
--   Platform:
--     Timestamp:                   2020-01-18T12:05:00Z
--     Host:                        Windows 10.0.18362 AMD64
--     CMake:                       3.16.2
--     CMake generator:             Visual Studio 16 2019
--     CMake build tool:            R:/vs2019/MSBuild/Current/Bin/MSBuild.exe
--     MSVC:                        1924
-- 
--   CPU/HW features:
--     Baseline:                    SSE SSE2 SSE3 SSSE3
--       requested:                 SSSE3
-- 
--   C/C++:
--     Built as dynamic libs?:      YES
--     C++ Compiler:                R:/vs2019/VC/Tools/MSVC/14.24.28314/bin/Hostx64/x64/cl.exe  (ver 19.24.28315.0)
--     C++ flags (Release):         /DWIN32 /D_WINDOWS /W4 /GR  /D _CRT_SECURE_NO_DEPRECATE /D _CRT_NONSTDC_NO_DEPRECATE /D _SCL_SECURE_NO_WARNINGS /Gy /bigobj /Oi  /fp:precise      /EHa /wd4127 /wd4251 /wd4324 /wd4275 /wd4512 /wd4589 /MP8   /MD /O2 /Ob2 /DNDEBUG  /Zi
--     C++ flags (Debug):           /DWIN32 /D_WINDOWS /W4 /GR  /D _CRT_SECURE_NO_DEPRECATE /D _CRT_NONSTDC_NO_DEPRECATE /D _SCL_SECURE_NO_WARNINGS /Gy /bigobj /Oi  /fp:precise      /EHa /wd4127 /wd4251 /wd4324 /wd4275 /wd4512 /wd4589 /MP8   /MDd /Zi /Ob0 /Od /RTC1 
--     C Compiler:                  R:/vs2019/VC/Tools/MSVC/14.24.28314/bin/Hostx64/x64/cl.exe
--     C flags (Release):           /DWIN32 /D_WINDOWS /W3  /D _CRT_SECURE_NO_DEPRECATE /D _CRT_NONSTDC_NO_DEPRECATE /D _SCL_SECURE_NO_WARNINGS /Gy /bigobj /Oi  /fp:precise        /MP8    /MD /O2 /Ob2 /DNDEBUG  /Zi
--     C flags (Debug):             /DWIN32 /D_WINDOWS /W3  /D _CRT_SECURE_NO_DEPRECATE /D _CRT_NONSTDC_NO_DEPRECATE /D _SCL_SECURE_NO_WARNINGS /Gy /bigobj /Oi  /fp:precise        /MP8  /MDd /Zi /Ob0 /Od /RTC1 
--     Linker flags (Release):      /machine:x64  /INCREMENTAL:NO  /debug
--     Linker flags (Debug):        /machine:x64  /debug /INCREMENTAL 
--     ccache:                      NO
--     Precompiled headers:         YES
--     Extra dependencies:
--     3rdparty dependencies:
-- 
--   OpenCV modules:
--     To be built:                 core
--     Disabled:                    calib3d dnn features2d flann highgui imgcodecs imgproc java_bindings_generator ml objdetect photo stitching video videoio world
--     Disabled by dependency:      -
--     Unavailable:                 gapi java js python2 python3 ts
--     Applications:                apps
--     Documentation:               NO
--     Non-free algorithms:         NO
-- 
--   Windows RT support:            NO
-- 
--   GUI: 
--     Win32 UI:                    YES
-- 
--   Media I/O: 
--     ZLib:                        build (ver 1.2.11)
--     JPEG:                        build-libjpeg-turbo (ver 2.0.2-62)
--     WEBP:                        build (ver encoder: 0x020e)
--     PNG:                         build (ver 1.6.37)
--     TIFF:                        build (ver 42 - 4.0.10)
--     OpenEXR:                     build (ver 2.3.0)
--     HDR:                         YES
--     SUNRASTER:                   YES
--     PXM:                         YES
--     PFM:                         YES
-- 
--   Video I/O:
--     GStreamer:                   NO
--     DirectShow:                  YES
--     Media Foundation:            YES
--       DXVA:                      YES
-- 
--   Parallel framework:            Concurrency
-- 
--   Trace:                         YES (with Intel ITT)
-- 
--   Other third-party libraries:
--     Eigen:                       NO
--     Custom HAL:                  NO
--     Protobuf:                    build (3.5.1)
-- 
--   OpenCL:                        YES (no extra features)
--     Include path:                R:/src/libs/opencv/3rdparty/include/opencl/1.2
--     Link libraries:              Dynamic load
-- 
--   Python (for build):            r:/apps/python3/python3.exe
--     Pylint:                      R:/apps/python3/Scripts/pylint.exe (ver: 3.7.4, checks: 165)
--     Flake8:                      R:/apps/python3/Scripts/flake8.exe (ver: 3.7.9)
-- 
--   Install to:                    R:/src/libs/opencv/build/install
-- -----------------------------------------------------------------
-- 
-- Configuring done
-- Generating done
-- Build files have been written to: R:/src/libs/opencv/build
